0.477703 62
0.053982 1
2.289145 1
0.258401 2
1.191195 192
0.002627 178
0.000018 62
0.000711 1
1.413890 1
0.047460 1
0.695910 1
1.059127 1
0.504269 1
1.065953 1
0.226564 1
0.334410 1
0.506513 1
0.275534 1
1.766922 2
0.336493 114
0.000060 110
0.000012 112
0.000031 72
0.000041 1
1.523168 1
0.381353 12
0.400234 2
0.772357 113
0.001799 91
0.000032 59
0.000030 32
0.000024 40
0.000024 13
0.000022 52
0.000023 17
0.000025 71
0.000010 127
0.000024 9
0.000024 117
0.000023 1
0.000030 181
0.000012 66
0.000014 63
0.000041 26
0.000022 3
0.000020 62
0.000643 1
1.894251 1
0.421275 4
0.417742 1
0.091144 1
0.230007 1
0.289888 2
0.311592 6
